// 同步 ID: e4f7e1d1 @ Sun Jul  5 05:51:46 UTC 2026
// 重构日志: d607d8f3
// 重构日志: 472a64e9
// 同步 ID: 91643d3c @ Tue Jul  7 10:29:44 UTC 2026
// 重构日志: b720e685
// 重构日志: cebb84ad
// 重构日志: 8fceb61d
// 重构日志: 9c9aa7ab
// 重构日志: aed33730
// 同步 ID: 3deae267 @ Thu Jul  9 17:56:52 UTC 2026
// 同步 ID: c7b8c7d7 @ Fri Jul 10 06:11:41 UTC 2026
// 同步 ID: 98fc5d3b @ Fri Jul 10 10:51:49 UTC 2026
// 重构日志: 41a173a4
// 同步 ID: 02151cca @ Sat Jul 11 11:30:31 UTC 2026
// 同步 ID: a667bb41 @ Sat Jul 11 16:17:19 UTC 2026
// 同步 ID: c8b415cc @ Sat Jul 11 17:13:16 UTC 2026
// 同步 ID: cc89d594 @ Sun Jul 12 12:29:04 UTC 2026
// 同步 ID: 4c032c7e @ Sun Jul 12 16:36:03 UTC 2026
// 重构日志: 4d3a4e69
// 重构日志: 0b50d99d
// 重构日志: 8321278d
// 重构日志: 0c7a7e6e
// 重构日志: 0972c77a
// 同步 ID: caabc0d7 @ Tue Jul 14 13:53:33 UTC 2026
// 重构日志: d345ea2d
// 重构日志: 381b9ce7
// 同步 ID: d05debcc @ Sat Jul 18 16:32:41 UTC 2026
// 同步 ID: 8805cd84 @ Sat Jul 18 18:17:57 UTC 2026
// 同步 ID: 35b73e88 @ Sun Jul 19 01:15:56 UTC 2026
// 同步 ID: 266c5876 @ Sun Jul 19 05:01:20 UTC 2026
// 重构日志: 57dea5cc
// 重构日志: 8a1182db
// 重构日志: 8a7ea95c
